0 info it worked if it ends with ok
1 verbose cli [ '/home/ec2-user/.nvm/versions/node/v6.14.4/bin/node',
1 verbose cli   '/home/ec2-user/.nvm/versions/node/v6.14.4/bin/npm',
1 verbose cli   'install',
1 verbose cli   'particlesjs',
1 verbose cli   '—-save' ]
2 info using npm@3.10.10
3 info using node@v6.14.4
4 silly loadCurrentTree Starting
5 silly install loadCurrentTree
6 silly install readLocalPackageData
7 silly fetchPackageMetaData particlesjs
8 silly fetchPackageMetaData —-save
9 silly fetchNamedPackageData particlesjs
10 silly mapToRegistry name particlesjs
11 silly mapToRegistry using default registry
12 silly mapToRegistry registry https://registry.npmjs.org/
13 silly mapToRegistry data Result {
13 silly mapToRegistry   raw: 'particlesjs',
13 silly mapToRegistry   scope: null,
13 silly mapToRegistry   escapedName: 'particlesjs',
13 silly mapToRegistry   name: 'particlesjs',
13 silly mapToRegistry   rawSpec: '',
13 silly mapToRegistry   spec: 'latest',
13 silly mapToRegistry   type: 'tag' }
14 silly mapToRegistry uri https://registry.npmjs.org/particlesjs
15 silly fetchOtherPackageData —-save
16 silly cache add args [ '—-save', null ]
17 verbose cache add spec —-save
18 verbose request uri https://registry.npmjs.org/particlesjs
19 verbose request no auth needed
20 info attempt registry request try #1 at 1:44:54 AM
21 verbose request id c98092edbbbad3c4
22 http request GET https://registry.npmjs.org/particlesjs
23 silly cache add parsed spec Result {
23 silly cache add   raw: '—-save',
23 silly cache add   scope: null,
23 silly cache add   escapedName: null,
23 silly cache add   name: null,
23 silly cache add   rawSpec: '—-save',
23 silly cache add   spec: '/var/www/html/learning/particles.js/particles/—-save',
23 silly cache add   type: 'local' }
24 info retry will retry, error on last attempt: TypeError: The header content contains invalid characters
25 error addLocal Could not install /var/www/html/learning/particles.js/particles/—-save
26 silly fetchPackageMetaData Error: ENOENT: no such file or directory, open '/var/www/html/learning/particles.js/particles/—-save'
26 silly fetchPackageMetaData     at Error (native)
26 silly fetchPackageMetaData  error for —-save { Error: ENOENT: no such file or directory, open '/var/www/html/learning/particles.js/particles/—-save'
26 silly fetchPackageMetaData     at Error (native)
26 silly fetchPackageMetaData   errno: -2,
26 silly fetchPackageMetaData   code: 'ENOENT',
26 silly fetchPackageMetaData   syscall: 'open',
26 silly fetchPackageMetaData   path: '/var/www/html/learning/particles.js/particles/—-save' }
27 info attempt registry request try #2 at 1:45:04 AM
28 http request GET https://registry.npmjs.org/particlesjs
29 info retry will retry, error on last attempt: TypeError: The header content contains invalid characters
30 info attempt registry request try #3 at 1:46:04 AM
31 http request GET https://registry.npmjs.org/particlesjs
32 silly fetchPackageMetaData TypeError: The header content contains invalid characters
32 silly fetchPackageMetaData     at ClientRequest.OutgoingMessage.setHeader (_http_outgoing.js:359:11)
32 silly fetchPackageMetaData     at new ClientRequest (_http_client.js:85:14)
32 silly fetchPackageMetaData     at Object.exports.request (http.js:31:10)
32 silly fetchPackageMetaData     at Object.exports.request (https.js:206:15)
32 silly fetchPackageMetaData     at Request.start (/home/ec2-user/.nvm/versions/node/v6.14.4/lib/node_modules/npm/node_modules/request/request.js:740:32)
32 silly fetchPackageMetaData     at Request.end (/home/ec2-user/.nvm/versions/node/v6.14.4/lib/node_modules/npm/node_modules/request/request.js:1398:10)
32 silly fetchPackageMetaData     at end (/home/ec2-user/.nvm/versions/node/v6.14.4/lib/node_modules/npm/node_modules/request/request.js:567:14)
32 silly fetchPackageMetaData     at Immediate.<anonymous> (/home/ec2-user/.nvm/versions/node/v6.14.4/lib/node_modules/npm/node_modules/request/request.js:581:7)
32 silly fetchPackageMetaData     at runCallback (timers.js:672:20)
32 silly fetchPackageMetaData     at tryOnImmediate (timers.js:645:5)
32 silly fetchPackageMetaData  error for particlesjs TypeError: The header content contains invalid characters
32 silly fetchPackageMetaData     at ClientRequest.OutgoingMessage.setHeader (_http_outgoing.js:359:11)
32 silly fetchPackageMetaData     at new ClientRequest (_http_client.js:85:14)
32 silly fetchPackageMetaData     at Object.exports.request (http.js:31:10)
32 silly fetchPackageMetaData     at Object.exports.request (https.js:206:15)
32 silly fetchPackageMetaData     at Request.start (/home/ec2-user/.nvm/versions/node/v6.14.4/lib/node_modules/npm/node_modules/request/request.js:740:32)
32 silly fetchPackageMetaData     at Request.end (/home/ec2-user/.nvm/versions/node/v6.14.4/lib/node_modules/npm/node_modules/request/request.js:1398:10)
32 silly fetchPackageMetaData     at end (/home/ec2-user/.nvm/versions/node/v6.14.4/lib/node_modules/npm/node_modules/request/request.js:567:14)
32 silly fetchPackageMetaData     at Immediate.<anonymous> (/home/ec2-user/.nvm/versions/node/v6.14.4/lib/node_modules/npm/node_modules/request/request.js:581:7)
32 silly fetchPackageMetaData     at runCallback (timers.js:672:20)
32 silly fetchPackageMetaData     at tryOnImmediate (timers.js:645:5)
33 silly rollbackFailedOptional Starting
34 silly rollbackFailedOptional Finishing
35 silly runTopLevelLifecycles Finishing
36 silly install printInstalled
37 verbose stack Error: ENOENT: no such file or directory, open '/var/www/html/learning/particles.js/particles/—-save'
37 verbose stack     at Error (native)
38 verbose cwd /var/www/html/learning/particles.js/particles
39 error Linux 4.14.62-65.117.amzn1.x86_64
40 error argv "/home/ec2-user/.nvm/versions/node/v6.14.4/bin/node" "/home/ec2-user/.nvm/versions/node/v6.14.4/bin/npm" "install" "particlesjs" "—-save"
41 error node v6.14.4
42 error npm  v3.10.10
43 error path /var/www/html/learning/particles.js/particles/—-save
44 error code ENOENT
45 error errno -2
46 error syscall open
47 error enoent ENOENT: no such file or directory, open '/var/www/html/learning/particles.js/particles/—-save'
48 error enoent ENOENT: no such file or directory, open '/var/www/html/learning/particles.js/particles/—-save'
48 error enoent This is most likely not a problem with npm itself
48 error enoent and is related to npm not being able to find a file.
49 verbose exit [ -2, true ]
